<?xml version="1.0" encoding="utf-8"?>
<TestRun id="12475379-cf63-422f-9282-eb7e553a2e96" name="@Gigis-MacBook-Air 2026-08-05 05:45:11" xmlns="http://microsoft.com/schemas/VisualStudio/TeamTest/2010">
  <Times creation="2026-08-05T05:45:11.7040490+04:00" queuing="2026-08-05T05:45:11.7040490+04:00" start="2026-08-05T05:45:06.2941760+04:00" finish="2026-08-05T05:45:12.4654240+04:00" />
  <TestSettings name="default" id="c26397b9-16c4-43f6-995d-2cb07c4569e7">
    <Deployment runDeploymentRoot="_Gigis-MacBook-Air_2026-08-05_05_45_11" />
  </TestSettings>
  <Results>
    <UnitTestResult executionId="3a9e7b28-a1fc-4886-be45-f59dfbd9007a" testId="03d9768d-3350-f02e-8794-9c3088295256" testName="SeeSight.Identity.IntegrationTests.AuthEndpointsTests.Health_endpoints_report_healthy" computerName="Gigis-MacBook-Air" duration="00:00:00.0128869" startTime="2026-08-05T05:45:11.8224440+04:00" endTime="2026-08-05T05:45:11.8224440+04:00" testType="13cdc9d9-ddb5-4fa4-a97d-d965ccfc6d4b" outcome="Passed" testListId="8c84fa94-04c1-424b-9868-57a2d4851a1d" relativeResultsDirectory="3a9e7b28-a1fc-4886-be45-f59dfbd9007a" />
    <UnitTestResult executionId="1de6e284-c4c8-4f87-810a-1a83528ee585" testId="edc3c4db-d905-f307-d01d-b31e1262d3a0" testName="SeeSight.Identity.IntegrationTests.AuthEndpointsTests.Register_rejects_an_unmapped_json_property" computerName="Gigis-MacBook-Air" duration="00:00:00.0035931" startTime="2026-08-05T05:45:11.8415450+04:00" endTime="2026-08-05T05:45:11.8415450+04:00" testType="13cdc9d9-ddb5-4fa4-a97d-d965ccfc6d4b" outcome="Passed" testListId="8c84fa94-04c1-424b-9868-57a2d4851a1d" relativeResultsDirectory="1de6e284-c4c8-4f87-810a-1a83528ee585" />
    <UnitTestResult executionId="4bd0d336-ddec-46de-a9b7-5960ef30feac" testId="2e9ac637-bb87-a74e-8eaf-0093fd6dd4b3" testName="SeeSight.Identity.IntegrationTests.AuthEndpointsTests.Register_rejects_an_invalid_password" computerName="Gigis-MacBook-Air" duration="00:00:00.0052115" startTime="2026-08-05T05:45:11.8468550+04:00" endTime="2026-08-05T05:45:11.8468550+04:00" testType="13cdc9d9-ddb5-4fa4-a97d-d965ccfc6d4b" outcome="Passed" testListId="8c84fa94-04c1-424b-9868-57a2d4851a1d" relativeResultsDirectory="4bd0d336-ddec-46de-a9b7-5960ef30feac" />
    <UnitTestResult executionId="5970db72-0a23-4db7-8e8c-54b44841f902" testId="4555d7c2-a057-9127-92f7-fe1d3fbb1343" testName="SeeSight.Identity.IntegrationTests.AuthEndpointsTests.Jwks_endpoint_returns_only_public_key_material" computerName="Gigis-MacBook-Air" duration="00:00:00.0120198" startTime="2026-08-05T05:45:11.8378490+04:00" endTime="2026-08-05T05:45:11.8378490+04:00" testType="13cdc9d9-ddb5-4fa4-a97d-d965ccfc6d4b" outcome="Passed" testListId="8c84fa94-04c1-424b-9868-57a2d4851a1d" relativeResultsDirectory="5970db72-0a23-4db7-8e8c-54b44841f902" />
    <UnitTestResult executionId="f717d6ff-0772-4e3a-ad41-88f89e88a24c" testId="b35d4a13-be05-c825-938e-3ec4e70b5499" testName="SeeSight.Identity.IntegrationTests.AuthEndpointsTests.Login_with_the_wrong_password_returns_401" computerName="Gigis-MacBook-Air" duration="00:00:01.0671046" startTime="2026-08-05T05:45:11.2570370+04:00" endTime="2026-08-05T05:45:11.2570440+04:00" testType="13cdc9d9-ddb5-4fa4-a97d-d965ccfc6d4b" outcome="Passed" testListId="8c84fa94-04c1-424b-9868-57a2d4851a1d" relativeResultsDirectory="f717d6ff-0772-4e3a-ad41-88f89e88a24c" />
    <UnitTestResult executionId="f39f025e-bf53-4b40-9838-3fc010a573fc" testId="6b5f8b76-2c4e-6b5c-5b2b-3a8a38de5e41" testName="SeeSight.Identity.IntegrationTests.AuthEndpointsTests.Register_then_login_then_me_returns_the_same_user" computerName="Gigis-MacBook-Air" duration="00:00:00.5481948" startTime="2026-08-05T05:45:11.8055270+04:00" endTime="2026-08-05T05:45:11.8055270+04:00" testType="13cdc9d9-ddb5-4fa4-a97d-d965ccfc6d4b" outcome="Passed" testListId="8c84fa94-04c1-424b-9868-57a2d4851a1d" relativeResultsDirectory="f39f025e-bf53-4b40-9838-3fc010a573fc" />
    <UnitTestResult executionId="a7dd903f-1f2c-4740-ace7-127eee64dcd0" testId="39dfcd0d-52f7-b00a-d3aa-1d46486d294b" testName="SeeSight.Identity.IntegrationTests.AuthEndpointsTests.Register_with_an_already_used_email_returns_409" computerName="Gigis-MacBook-Air" duration="00:00:00.2206030" startTime="2026-08-05T05:45:12.0676200+04:00" endTime="2026-08-05T05:45:12.0676200+04:00" testType="13cdc9d9-ddb5-4fa4-a97d-d965ccfc6d4b" outcome="Passed" testListId="8c84fa94-04c1-424b-9868-57a2d4851a1d" relativeResultsDirectory="a7dd903f-1f2c-4740-ace7-127eee64dcd0" />
    <UnitTestResult executionId="c2ad0347-a290-4b44-b012-4cadddac7b3a" testId="e6d12dec-bb96-a12c-3062-44f82af3fa1c" testName="SeeSight.Identity.IntegrationTests.AuthEndpointsTests.Me_without_an_identity_header_returns_401" computerName="Gigis-MacBook-Air" duration="00:00:00.0030986" startTime="2026-08-05T05:45:11.8256770+04:00" endTime="2026-08-05T05:45:11.8256770+04:00" testType="13cdc9d9-ddb5-4fa4-a97d-d965ccfc6d4b" outcome="Passed" testListId="8c84fa94-04c1-424b-9868-57a2d4851a1d" relativeResultsDirectory="c2ad0347-a290-4b44-b012-4cadddac7b3a" />
    <UnitTestResult executionId="cd13a6ba-6c31-4901-9355-0711e5bc5787" testId="94923e8e-d6b9-f57e-8b36-a5cc99212e56" testName="SeeSight.Identity.IntegrationTests.AuthEndpointsTests.Login_for_an_unknown_email_returns_401" computerName="Gigis-MacBook-Air" duration="00:00:00.0038025" startTime="2026-08-05T05:45:11.8094130+04:00" endTime="2026-08-05T05:45:11.8094130+04:00" testType="13cdc9d9-ddb5-4fa4-a97d-d965ccfc6d4b" outcome="Passed" testListId="8c84fa94-04c1-424b-9868-57a2d4851a1d" relativeResultsDirectory="cd13a6ba-6c31-4901-9355-0711e5bc5787" />
  </Results>
  <TestDefinitions>
    <UnitTest name="SeeSight.Identity.IntegrationTests.AuthEndpointsTests.Login_with_the_wrong_password_returns_401" storage="/users/gigi/desktop/seesight .net/tests/identity/seesight.identity.integrationtests/bin/release/net9.0/seesight.identity.integrationtests.dll" id="b35d4a13-be05-c825-938e-3ec4e70b5499">
      <Execution id="f717d6ff-0772-4e3a-ad41-88f89e88a24c" />
      <TestMethod codeBase="/Users/gigi/Desktop/Seesight .net/tests/Identity/SeeSight.Identity.IntegrationTests/bin/Release/net9.0/SeeSight.Identity.IntegrationTests.dll" adapterTypeName="executor://xunit/VsTestRunner2/netcoreapp" className="SeeSight.Identity.IntegrationTests.AuthEndpointsTests" name="Login_with_the_wrong_password_returns_401" />
    </UnitTest>
    <UnitTest name="SeeSight.Identity.IntegrationTests.AuthEndpointsTests.Login_for_an_unknown_email_returns_401" storage="/users/gigi/desktop/seesight .net/tests/identity/seesight.identity.integrationtests/bin/release/net9.0/seesight.identity.integrationtests.dll" id="94923e8e-d6b9-f57e-8b36-a5cc99212e56">
      <Execution id="cd13a6ba-6c31-4901-9355-0711e5bc5787" />
      <TestMethod codeBase="/Users/gigi/Desktop/Seesight .net/tests/Identity/SeeSight.Identity.IntegrationTests/bin/Release/net9.0/SeeSight.Identity.IntegrationTests.dll" adapterTypeName="executor://xunit/VsTestRunner2/netcoreapp" className="SeeSight.Identity.IntegrationTests.AuthEndpointsTests" name="Login_for_an_unknown_email_returns_401" />
    </UnitTest>
    <UnitTest name="SeeSight.Identity.IntegrationTests.AuthEndpointsTests.Me_without_an_identity_header_returns_401" storage="/users/gigi/desktop/seesight .net/tests/identity/seesight.identity.integrationtests/bin/release/net9.0/seesight.identity.integrationtests.dll" id="e6d12dec-bb96-a12c-3062-44f82af3fa1c">
      <Execution id="c2ad0347-a290-4b44-b012-4cadddac7b3a" />
      <TestMethod codeBase="/Users/gigi/Desktop/Seesight .net/tests/Identity/SeeSight.Identity.IntegrationTests/bin/Release/net9.0/SeeSight.Identity.IntegrationTests.dll" adapterTypeName="executor://xunit/VsTestRunner2/netcoreapp" className="SeeSight.Identity.IntegrationTests.AuthEndpointsTests" name="Me_without_an_identity_header_returns_401" />
    </UnitTest>
    <UnitTest name="SeeSight.Identity.IntegrationTests.AuthEndpointsTests.Register_rejects_an_invalid_password" storage="/users/gigi/desktop/seesight .net/tests/identity/seesight.identity.integrationtests/bin/release/net9.0/seesight.identity.integrationtests.dll" id="2e9ac637-bb87-a74e-8eaf-0093fd6dd4b3">
      <Execution id="4bd0d336-ddec-46de-a9b7-5960ef30feac" />
      <TestMethod codeBase="/Users/gigi/Desktop/Seesight .net/tests/Identity/SeeSight.Identity.IntegrationTests/bin/Release/net9.0/SeeSight.Identity.IntegrationTests.dll" adapterTypeName="executor://xunit/VsTestRunner2/netcoreapp" className="SeeSight.Identity.IntegrationTests.AuthEndpointsTests" name="Register_rejects_an_invalid_password" />
    </UnitTest>
    <UnitTest name="SeeSight.Identity.IntegrationTests.AuthEndpointsTests.Jwks_endpoint_returns_only_public_key_material" storage="/users/gigi/desktop/seesight .net/tests/identity/seesight.identity.integrationtests/bin/release/net9.0/seesight.identity.integrationtests.dll" id="4555d7c2-a057-9127-92f7-fe1d3fbb1343">
      <Execution id="5970db72-0a23-4db7-8e8c-54b44841f902" />
      <TestMethod codeBase="/Users/gigi/Desktop/Seesight .net/tests/Identity/SeeSight.Identity.IntegrationTests/bin/Release/net9.0/SeeSight.Identity.IntegrationTests.dll" adapterTypeName="executor://xunit/VsTestRunner2/netcoreapp" className="SeeSight.Identity.IntegrationTests.AuthEndpointsTests" name="Jwks_endpoint_returns_only_public_key_material" />
    </UnitTest>
    <UnitTest name="SeeSight.Identity.IntegrationTests.AuthEndpointsTests.Health_endpoints_report_healthy" storage="/users/gigi/desktop/seesight .net/tests/identity/seesight.identity.integrationtests/bin/release/net9.0/seesight.identity.integrationtests.dll" id="03d9768d-3350-f02e-8794-9c3088295256">
      <Execution id="3a9e7b28-a1fc-4886-be45-f59dfbd9007a" />
      <TestMethod codeBase="/Users/gigi/Desktop/Seesight .net/tests/Identity/SeeSight.Identity.IntegrationTests/bin/Release/net9.0/SeeSight.Identity.IntegrationTests.dll" adapterTypeName="executor://xunit/VsTestRunner2/netcoreapp" className="SeeSight.Identity.IntegrationTests.AuthEndpointsTests" name="Health_endpoints_report_healthy" />
    </UnitTest>
    <UnitTest name="SeeSight.Identity.IntegrationTests.AuthEndpointsTests.Register_then_login_then_me_returns_the_same_user" storage="/users/gigi/desktop/seesight .net/tests/identity/seesight.identity.integrationtests/bin/release/net9.0/seesight.identity.integrationtests.dll" id="6b5f8b76-2c4e-6b5c-5b2b-3a8a38de5e41">
      <Execution id="f39f025e-bf53-4b40-9838-3fc010a573fc" />
      <TestMethod codeBase="/Users/gigi/Desktop/Seesight .net/tests/Identity/SeeSight.Identity.IntegrationTests/bin/Release/net9.0/SeeSight.Identity.IntegrationTests.dll" adapterTypeName="executor://xunit/VsTestRunner2/netcoreapp" className="SeeSight.Identity.IntegrationTests.AuthEndpointsTests" name="Register_then_login_then_me_returns_the_same_user" />
    </UnitTest>
    <UnitTest name="SeeSight.Identity.IntegrationTests.AuthEndpointsTests.Register_with_an_already_used_email_returns_409" storage="/users/gigi/desktop/seesight .net/tests/identity/seesight.identity.integrationtests/bin/release/net9.0/seesight.identity.integrationtests.dll" id="39dfcd0d-52f7-b00a-d3aa-1d46486d294b">
      <Execution id="a7dd903f-1f2c-4740-ace7-127eee64dcd0" />
      <TestMethod codeBase="/Users/gigi/Desktop/Seesight .net/tests/Identity/SeeSight.Identity.IntegrationTests/bin/Release/net9.0/SeeSight.Identity.IntegrationTests.dll" adapterTypeName="executor://xunit/VsTestRunner2/netcoreapp" className="SeeSight.Identity.IntegrationTests.AuthEndpointsTests" name="Register_with_an_already_used_email_returns_409" />
    </UnitTest>
    <UnitTest name="SeeSight.Identity.IntegrationTests.AuthEndpointsTests.Register_rejects_an_unmapped_json_property" storage="/users/gigi/desktop/seesight .net/tests/identity/seesight.identity.integrationtests/bin/release/net9.0/seesight.identity.integrationtests.dll" id="edc3c4db-d905-f307-d01d-b31e1262d3a0">
      <Execution id="1de6e284-c4c8-4f87-810a-1a83528ee585" />
      <TestMethod codeBase="/Users/gigi/Desktop/Seesight .net/tests/Identity/SeeSight.Identity.IntegrationTests/bin/Release/net9.0/SeeSight.Identity.IntegrationTests.dll" adapterTypeName="executor://xunit/VsTestRunner2/netcoreapp" className="SeeSight.Identity.IntegrationTests.AuthEndpointsTests" name="Register_rejects_an_unmapped_json_property" />
    </UnitTest>
  </TestDefinitions>
  <TestEntries>
    <TestEntry testId="03d9768d-3350-f02e-8794-9c3088295256" executionId="3a9e7b28-a1fc-4886-be45-f59dfbd9007a" testListId="8c84fa94-04c1-424b-9868-57a2d4851a1d" />
    <TestEntry testId="edc3c4db-d905-f307-d01d-b31e1262d3a0" executionId="1de6e284-c4c8-4f87-810a-1a83528ee585" testListId="8c84fa94-04c1-424b-9868-57a2d4851a1d" />
    <TestEntry testId="2e9ac637-bb87-a74e-8eaf-0093fd6dd4b3" executionId="4bd0d336-ddec-46de-a9b7-5960ef30feac" testListId="8c84fa94-04c1-424b-9868-57a2d4851a1d" />
    <TestEntry testId="4555d7c2-a057-9127-92f7-fe1d3fbb1343" executionId="5970db72-0a23-4db7-8e8c-54b44841f902" testListId="8c84fa94-04c1-424b-9868-57a2d4851a1d" />
    <TestEntry testId="b35d4a13-be05-c825-938e-3ec4e70b5499" executionId="f717d6ff-0772-4e3a-ad41-88f89e88a24c" testListId="8c84fa94-04c1-424b-9868-57a2d4851a1d" />
    <TestEntry testId="6b5f8b76-2c4e-6b5c-5b2b-3a8a38de5e41" executionId="f39f025e-bf53-4b40-9838-3fc010a573fc" testListId="8c84fa94-04c1-424b-9868-57a2d4851a1d" />
    <TestEntry testId="39dfcd0d-52f7-b00a-d3aa-1d46486d294b" executionId="a7dd903f-1f2c-4740-ace7-127eee64dcd0" testListId="8c84fa94-04c1-424b-9868-57a2d4851a1d" />
    <TestEntry testId="e6d12dec-bb96-a12c-3062-44f82af3fa1c" executionId="c2ad0347-a290-4b44-b012-4cadddac7b3a" testListId="8c84fa94-04c1-424b-9868-57a2d4851a1d" />
    <TestEntry testId="94923e8e-d6b9-f57e-8b36-a5cc99212e56" executionId="cd13a6ba-6c31-4901-9355-0711e5bc5787" testListId="8c84fa94-04c1-424b-9868-57a2d4851a1d" />
  </TestEntries>
  <TestLists>
    <TestList name="Results Not in a List" id="8c84fa94-04c1-424b-9868-57a2d4851a1d" />
    <TestList name="All Loaded Results" id="19431567-8539-422a-85d7-44ee4e166bda" />
  </TestLists>
  <ResultSummary outcome="Completed">
    <Counters total="9" executed="9" passed="9" failed="0" error="0" timeout="0" aborted="0" inconclusive="0" passedButRunAborted="0" notRunnable="0" notExecuted="0" disconnected="0" warning="0" completed="0" inProgress="0" pending="0" />
    <Output>
      <StdOut>[xUnit.net 00:00:00.00] xUnit.net VSTest Adapter v2.8.2+699d445a1a (64-bit .NET 9.0.18)
[xUnit.net 00:00:00.04]   Discovering: SeeSight.Identity.IntegrationTests
[xUnit.net 00:00:00.05]   Discovered:  SeeSight.Identity.IntegrationTests
[xUnit.net 00:00:00.06]   Starting:    SeeSight.Identity.IntegrationTests
[testcontainers.org 00:00:00.08] Connected to Docker:
  Host: unix:///var/run/docker.sock
  Server Version: 29.6.2
  Kernel Version: 6.12.76-linuxkit
  API Version: 1.55
  Operating System: Docker Desktop
  Total Memory: 7.75 GB
  Labels: 
    com.docker.desktop.address=unix:///Users/gigi/Library/Containers/com.docker.docker/Data/docker-cli.sock
[testcontainers.org 00:00:00.19] Docker container 6a5757962b6c created
[testcontainers.org 00:00:00.22] Start Docker container 6a5757962b6c
[testcontainers.org 00:00:00.29] Wait for Docker container 6a5757962b6c to complete readiness checks
[testcontainers.org 00:00:01.32] Docker container 6a5757962b6c ready
[testcontainers.org 00:00:01.38] Docker container c92ba736c3ef created
[testcontainers.org 00:00:01.39] Start Docker container c92ba736c3ef
[testcontainers.org 00:00:01.46] Wait for Docker container c92ba736c3ef to complete readiness checks
[testcontainers.org 00:00:01.47] Execute "pg_isready --host localhost --dbname identity --username seesight" at Docker container c92ba736c3ef
[testcontainers.org 00:00:02.54] Execute "pg_isready --host localhost --dbname identity --username seesight" at Docker container c92ba736c3ef
[testcontainers.org 00:00:02.60] Docker container c92ba736c3ef ready
[05:45:10 INF] Executed DbCommand (7ms) [Parameters=[], CommandType='Text', CommandTimeout='30']
SELECT "MigrationId", "ProductVersion"
FROM "__EFMigrationsHistory"
ORDER BY "MigrationId";
[05:45:10 INF] Executed DbCommand (3ms) [Parameters=[], CommandType='Text', CommandTimeout='30']
CREATE TABLE IF NOT EXISTS "__EFMigrationsHistory" (
    "MigrationId" character varying(150) NOT NULL,
    "ProductVersion" character varying(32) NOT NULL,
    CONSTRAINT "PK___EFMigrationsHistory" PRIMARY KEY ("MigrationId")
);
[05:45:10 INF] Executed DbCommand (1ms) [Parameters=[], CommandType='Text', CommandTimeout='30']
LOCK TABLE "__EFMigrationsHistory" IN ACCESS EXCLUSIVE MODE
[05:45:10 INF] Executed DbCommand (1ms) [Parameters=[], CommandType='Text', CommandTimeout='30']
SELECT "MigrationId", "ProductVersion"
FROM "__EFMigrationsHistory"
ORDER BY "MigrationId";
[05:45:10 INF] No migrations were applied. The database is already up to date.
[05:45:10 INF] Request starting HTTP/1.1 POST http://localhost/auth/register - application/json; charset=utf-8 92
[05:45:10 INF] Executing endpoint 'SeeSight.Identity.Api.Controllers.AuthController.Register (SeeSight.Identity.Api)'
[05:45:10 INF] Route matched with {action = "Register", controller = "Auth"}. Executing controller action with signature System.Threading.Tasks.Task`1[Microsoft.AspNetCore.Mvc.ActionResult`1[SeeSight.Identity.Api.Contracts.LoginResponse]] Register(SeeSight.Identity.Api.Contracts.RegisterRequest, System.Threading.CancellationToken) on controller SeeSight.Identity.Api.Controllers.AuthController (SeeSight.Identity.Api).
[05:45:10 INF] Executing action method SeeSight.Identity.Api.Controllers.AuthController.Register (SeeSight.Identity.Api) - Validation state: Valid
[05:45:10 WRN] No JWT signing key configured — generating an ephemeral RSA key pair for Development. Tokens will not survive a restart of this process.
[05:45:10 INF] Executed DbCommand (5ms) [Parameters=[@__normalizedEmail_0='?'], CommandType='Text', CommandTimeout='30']
SELECT EXISTS (
    SELECT 1
    FROM users AS u
    WHERE u."Email" = @__normalizedEmail_0)
[05:45:10 INF] Executed DbCommand (2ms) [Parameters=[@p0='?' (DbType = Guid), @p1='?' (DbType = Guid), @p2='?' (DbType = DateTime), @p3='?', @p4='?', @p5='?', @p6='?' (DbType = Boolean), @p7='?', @p8='?', @p9='?', @p10='?' (DbType = DateTime)], CommandType='Text', CommandTimeout='30']
INSERT INTO users ("Id", "CompanyId", "CreatedAt", "Email", "FirstName", "LastName", "MustChangePassword", "PasswordHash", "Role", "Status", "UpdatedAt")
VALUES (@p0, @p1, @p2, @p3, @p4, @p5, @p6, @p7, @p8, @p9, @p10);
[05:45:10 INF] Executed action method SeeSight.Identity.Api.Controllers.AuthController.Register (SeeSight.Identity.Api), returned result Microsoft.AspNetCore.Mvc.CreatedAtActionResult in 597.3079ms.
[05:45:10 INF] Executing CreatedAtActionResult, writing value of type 'SeeSight.Identity.Api.Contracts.LoginResponse'.
[05:45:10 INF] Executed action SeeSight.Identity.Api.Controllers.AuthController.Register (SeeSight.Identity.Api) in 622.2151ms
[05:45:10 INF] Executed endpoint 'SeeSight.Identity.Api.Controllers.AuthController.Register (SeeSight.Identity.Api)'
[05:45:10 INF] Request starting HTTP/1.1 POST http://localhost/auth/login - application/json; charset=utf-8 92
[05:45:10 INF] Request finished HTTP/1.1 POST http://localhost/auth/register - 201 null application/json; charset=utf-8 648.3687ms
[05:45:10 INF] Executing endpoint 'SeeSight.Identity.Api.Controllers.AuthController.Login (SeeSight.Identity.Api)'
[05:45:10 INF] Route matched with {action = "Login", controller = "Auth"}. Executing controller action with signature System.Threading.Tasks.Task`1[Microsoft.AspNetCore.Mvc.ActionResult`1[SeeSight.Identity.Api.Contracts.LoginResponse]] Login(SeeSight.Identity.Api.Contracts.LoginRequest, System.Threading.CancellationToken) on controller SeeSight.Identity.Api.Controllers.AuthController (SeeSight.Identity.Api).
[05:45:10 INF] Executing action method SeeSight.Identity.Api.Controllers.AuthController.Login (SeeSight.Identity.Api) - Validation state: Valid
[05:45:10 INF] Executed DbCommand (1ms) [Parameters=[@__normalizedEmail_0='?'], CommandType='Text', CommandTimeout='30']
SELECT u."Id", u."CompanyId", u."CreatedAt", u."Email", u."FirstName", u."LastName", u."MustChangePassword", u."PasswordHash", u."Role", u."Status", u."UpdatedAt"
FROM users AS u
WHERE u."Email" = @__normalizedEmail_0
LIMIT 2
[05:45:11 INF] Executed action SeeSight.Identity.Api.Controllers.AuthController.Login (SeeSight.Identity.Api) in 394.5591ms
[05:45:11 INF] Executed endpoint 'SeeSight.Identity.Api.Controllers.AuthController.Login (SeeSight.Identity.Api)'
[05:45:11 INF] Request finished HTTP/1.1 POST http://localhost/auth/login - 401 null application/json; charset=utf-8 400.879ms
[05:45:11 INF] Request starting HTTP/1.1 POST http://localhost/auth/register - application/json; charset=utf-8 136
[05:45:11 INF] Executing endpoint 'SeeSight.Identity.Api.Controllers.AuthController.Register (SeeSight.Identity.Api)'
[05:45:11 INF] Route matched with {action = "Register", controller = "Auth"}. Executing controller action with signature System.Threading.Tasks.Task`1[Microsoft.AspNetCore.Mvc.ActionResult`1[SeeSight.Identity.Api.Contracts.LoginResponse]] Register(SeeSight.Identity.Api.Contracts.RegisterRequest, System.Threading.CancellationToken) on controller SeeSight.Identity.Api.Controllers.AuthController (SeeSight.Identity.Api).
[05:45:11 INF] Executing action method SeeSight.Identity.Api.Controllers.AuthController.Register (SeeSight.Identity.Api) - Validation state: Valid
[05:45:11 INF] Executed DbCommand (1ms) [Parameters=[@__normalizedEmail_0='?'], CommandType='Text', CommandTimeout='30']
SELECT EXISTS (
    SELECT 1
    FROM users AS u
    WHERE u."Email" = @__normalizedEmail_0)
[05:45:11 INF] Executed DbCommand (2ms) [Parameters=[@p0='?' (DbType = Guid), @p1='?' (DbType = Guid), @p2='?' (DbType = DateTime), @p3='?', @p4='?', @p5='?', @p6='?' (DbType = Boolean), @p7='?', @p8='?', @p9='?', @p10='?' (DbType = DateTime)], CommandType='Text', CommandTimeout='30']
INSERT INTO users ("Id", "CompanyId", "CreatedAt", "Email", "FirstName", "LastName", "MustChangePassword", "PasswordHash", "Role", "Status", "UpdatedAt")
VALUES (@p0, @p1, @p2, @p3, @p4, @p5, @p6, @p7, @p8, @p9, @p10);
[05:45:11 INF] Executed action method SeeSight.Identity.Api.Controllers.AuthController.Register (SeeSight.Identity.Api), returned result Microsoft.AspNetCore.Mvc.CreatedAtActionResult in 322.4268ms.
[05:45:11 INF] Executing CreatedAtActionResult, writing value of type 'SeeSight.Identity.Api.Contracts.LoginResponse'.
[05:45:11 INF] Executed action SeeSight.Identity.Api.Controllers.AuthController.Register (SeeSight.Identity.Api) in 323.4135ms
[05:45:11 INF] Executed endpoint 'SeeSight.Identity.Api.Controllers.AuthController.Register (SeeSight.Identity.Api)'
[05:45:11 INF] Request finished HTTP/1.1 POST http://localhost/auth/register - 201 null application/json; charset=utf-8 323.9905ms
[05:45:11 INF] Request starting HTTP/1.1 POST http://localhost/auth/login - application/json; charset=utf-8 92
[05:45:11 INF] Executing endpoint 'SeeSight.Identity.Api.Controllers.AuthController.Login (SeeSight.Identity.Api)'
[05:45:11 INF] Route matched with {action = "Login", controller = "Auth"}. Executing controller action with signature System.Threading.Tasks.Task`1[Microsoft.AspNetCore.Mvc.ActionResult`1[SeeSight.Identity.Api.Contracts.LoginResponse]] Login(SeeSight.Identity.Api.Contracts.LoginRequest, System.Threading.CancellationToken) on controller SeeSight.Identity.Api.Controllers.AuthController (SeeSight.Identity.Api).
[05:45:11 INF] Executing action method SeeSight.Identity.Api.Controllers.AuthController.Login (SeeSight.Identity.Api) - Validation state: Valid
[05:45:11 INF] Executed DbCommand (1ms) [Parameters=[@__normalizedEmail_0='?'], CommandType='Text', CommandTimeout='30']
SELECT u."Id", u."CompanyId", u."CreatedAt", u."Email", u."FirstName", u."LastName", u."MustChangePassword", u."PasswordHash", u."Role", u."Status", u."UpdatedAt"
FROM users AS u
WHERE u."Email" = @__normalizedEmail_0
LIMIT 2
[05:45:11 INF] Executed action method SeeSight.Identity.Api.Controllers.AuthController.Login (SeeSight.Identity.Api), returned result Microsoft.AspNetCore.Mvc.OkObjectResult in 211.7927ms.
[05:45:11 INF] Executing OkObjectResult, writing value of type 'SeeSight.Identity.Api.Contracts.LoginResponse'.
[05:45:11 INF] Executed action SeeSight.Identity.Api.Controllers.AuthController.Login (SeeSight.Identity.Api) in 212.1456ms
[05:45:11 INF] Executed endpoint 'SeeSight.Identity.Api.Controllers.AuthController.Login (SeeSight.Identity.Api)'
[05:45:11 INF] Request finished HTTP/1.1 POST http://localhost/auth/login - 200 null application/json; charset=utf-8 212.4015ms
[05:45:11 INF] Request starting HTTP/1.1 GET http://localhost/auth/me - null null
[05:45:11 INF] Executing endpoint 'SeeSight.Identity.Api.Controllers.AuthController.Me (SeeSight.Identity.Api)'
[05:45:11 INF] Route matched with {action = "Me", controller = "Auth"}. Executing controller action with signature System.Threading.Tasks.Task`1[Microsoft.AspNetCore.Mvc.ActionResult`1[SeeSight.Identity.Application.Users.UserDto]] Me(System.Threading.CancellationToken) on controller SeeSight.Identity.Api.Controllers.AuthController (SeeSight.Identity.Api).
[05:45:11 INF] Executing action method SeeSight.Identity.Api.Controllers.AuthController.Me (SeeSight.Identity.Api) - Validation state: Valid
[05:45:11 INF] Executed DbCommand (1ms) [Parameters=[@__request_UserId_0='?' (DbType = Guid)], CommandType='Text', CommandTimeout='30']
SELECT u."Id", u."CompanyId", u."CreatedAt", u."Email", u."FirstName", u."LastName", u."MustChangePassword", u."PasswordHash", u."Role", u."Status", u."UpdatedAt"
FROM users AS u
WHERE u."Id" = @__request_UserId_0
LIMIT 2
[05:45:11 INF] Executed action method SeeSight.Identity.Api.Controllers.AuthController.Me (SeeSight.Identity.Api), returned result Microsoft.AspNetCore.Mvc.OkObjectResult in 4.9642ms.
[05:45:11 INF] Executing OkObjectResult, writing value of type 'SeeSight.Identity.Application.Users.UserDto'.
[05:45:11 INF] Executed action SeeSight.Identity.Api.Controllers.AuthController.Me (SeeSight.Identity.Api) in 5.1965ms
[05:45:11 INF] Executed endpoint 'SeeSight.Identity.Api.Controllers.AuthController.Me (SeeSight.Identity.Api)'
[05:45:11 INF] Request finished HTTP/1.1 GET http://localhost/auth/me - 200 null application/json; charset=utf-8 6.706ms
[05:45:11 INF] Request starting HTTP/1.1 POST http://localhost/auth/login - application/json; charset=utf-8 92
[05:45:11 INF] Executing endpoint 'SeeSight.Identity.Api.Controllers.AuthController.Login (SeeSight.Identity.Api)'
[05:45:11 INF] Route matched with {action = "Login", controller = "Auth"}. Executing controller action with signature System.Threading.Tasks.Task`1[Microsoft.AspNetCore.Mvc.ActionResult`1[SeeSight.Identity.Api.Contracts.LoginResponse]] Login(SeeSight.Identity.Api.Contracts.LoginRequest, System.Threading.CancellationToken) on controller SeeSight.Identity.Api.Controllers.AuthController (SeeSight.Identity.Api).
[05:45:11 INF] Executing action method SeeSight.Identity.Api.Controllers.AuthController.Login (SeeSight.Identity.Api) - Validation state: Valid
[05:45:11 INF] Executed DbCommand (1ms) [Parameters=[@__normalizedEmail_0='?'], CommandType='Text', CommandTimeout='30']
SELECT u."Id", u."CompanyId", u."CreatedAt", u."Email", u."FirstName", u."LastName", u."MustChangePassword", u."PasswordHash", u."Role", u."Status", u."UpdatedAt"
FROM users AS u
WHERE u."Email" = @__normalizedEmail_0
LIMIT 2
[05:45:11 INF] Executed action SeeSight.Identity.Api.Controllers.AuthController.Login (SeeSight.Identity.Api) in 2.8104ms
[05:45:11 INF] Executed endpoint 'SeeSight.Identity.Api.Controllers.AuthController.Login (SeeSight.Identity.Api)'
[05:45:11 INF] Request finished HTTP/1.1 POST http://localhost/auth/login - 401 null application/json; charset=utf-8 3.121ms
[05:45:11 INF] Request starting HTTP/1.1 GET http://localhost/health/live - null null
[05:45:11 INF] Executing endpoint 'Health checks'
[05:45:11 INF] Executed endpoint 'Health checks'
[05:45:11 INF] Request finished HTTP/1.1 GET http://localhost/health/live - 200 null text/plain 1.4435ms
[05:45:11 INF] Request starting HTTP/1.1 GET http://localhost/health/ready - null null
[05:45:11 INF] Executing endpoint 'Health checks'
[05:45:11 INF] Executed endpoint 'Health checks'
[05:45:11 INF] Request finished HTTP/1.1 GET http://localhost/health/ready - 200 null text/plain 10.7867ms
[05:45:11 INF] Request starting HTTP/1.1 GET http://localhost/auth/me - null null
[05:45:11 INF] Executing endpoint 'SeeSight.Identity.Api.Controllers.AuthController.Me (SeeSight.Identity.Api)'
[05:45:11 INF] Route matched with {action = "Me", controller = "Auth"}. Executing controller action with signature System.Threading.Tasks.Task`1[Microsoft.AspNetCore.Mvc.ActionResult`1[SeeSight.Identity.Application.Users.UserDto]] Me(System.Threading.CancellationToken) on controller SeeSight.Identity.Api.Controllers.AuthController (SeeSight.Identity.Api).
[05:45:11 INF] Executing action method SeeSight.Identity.Api.Controllers.AuthController.Me (SeeSight.Identity.Api) - Validation state: Valid
[05:45:11 INF] Executed action method SeeSight.Identity.Api.Controllers.AuthController.Me (SeeSight.Identity.Api), returned result Microsoft.AspNetCore.Mvc.UnauthorizedResult in 0.0302ms.
[05:45:11 INF] Executing ObjectResult, writing value of type 'Microsoft.AspNetCore.Mvc.ProblemDetails'.
[05:45:11 INF] Executed action SeeSight.Identity.Api.Controllers.AuthController.Me (SeeSight.Identity.Api) in 2.3454ms
[05:45:11 INF] Executed endpoint 'SeeSight.Identity.Api.Controllers.AuthController.Me (SeeSight.Identity.Api)'
[05:45:11 INF] Request finished HTTP/1.1 GET http://localhost/auth/me - 401 null application/problem+json; charset=utf-8 2.5453ms
[05:45:11 INF] Request starting HTTP/1.1 GET http://localhost/.well-known/jwks.json - null null
[05:45:11 INF] Executing endpoint 'HTTP: GET /.well-known/jwks.json'
[05:45:11 INF] Writing value of type 'JsonWebKeySet' as Json.
[05:45:11 INF] Executed endpoint 'HTTP: GET /.well-known/jwks.json'
[05:45:11 INF] Request finished HTTP/1.1 GET http://localhost/.well-known/jwks.json - 200 null application/json; charset=utf-8 3.2387ms
[05:45:11 INF] Request starting HTTP/1.1 POST http://localhost/auth/register - application/json; charset=utf-8 129
[05:45:11 INF] Executing endpoint 'SeeSight.Identity.Api.Controllers.AuthController.Register (SeeSight.Identity.Api)'
[05:45:11 INF] Route matched with {action = "Register", controller = "Auth"}. Executing controller action with signature System.Threading.Tasks.Task`1[Microsoft.AspNetCore.Mvc.ActionResult`1[SeeSight.Identity.Api.Contracts.LoginResponse]] Register(SeeSight.Identity.Api.Contracts.RegisterRequest, System.Threading.CancellationToken) on controller SeeSight.Identity.Api.Controllers.AuthController (SeeSight.Identity.Api).
[05:45:11 INF] Executing BadRequestObjectResult, writing value of type 'Microsoft.AspNetCore.Mvc.ValidationProblemDetails'.
[05:45:11 INF] Executed action SeeSight.Identity.Api.Controllers.AuthController.Register (SeeSight.Identity.Api) in 2.4661ms
[05:45:11 INF] Executed endpoint 'SeeSight.Identity.Api.Controllers.AuthController.Register (SeeSight.Identity.Api)'
[05:45:11 INF] Request finished HTTP/1.1 POST http://localhost/auth/register - 400 null application/problem+json; charset=utf-8 2.7151ms
[05:45:11 INF] Request starting HTTP/1.1 POST http://localhost/auth/register - application/json; charset=utf-8 84
[05:45:11 INF] Executing endpoint 'SeeSight.Identity.Api.Controllers.AuthController.Register (SeeSight.Identity.Api)'
[05:45:11 INF] Route matched with {action = "Register", controller = "Auth"}. Executing controller action with signature System.Threading.Tasks.Task`1[Microsoft.AspNetCore.Mvc.ActionResult`1[SeeSight.Identity.Api.Contracts.LoginResponse]] Register(SeeSight.Identity.Api.Contracts.RegisterRequest, System.Threading.CancellationToken) on controller SeeSight.Identity.Api.Controllers.AuthController (SeeSight.Identity.Api).
[05:45:11 INF] Executing action method SeeSight.Identity.Api.Controllers.AuthController.Register (SeeSight.Identity.Api) - Validation state: Valid
[05:45:11 INF] Executed action SeeSight.Identity.Api.Controllers.AuthController.Register (SeeSight.Identity.Api) in 4.3788ms
[05:45:11 INF] Executed endpoint 'SeeSight.Identity.Api.Controllers.AuthController.Register (SeeSight.Identity.Api)'
[05:45:11 INF] Request finished HTTP/1.1 POST http://localhost/auth/register - 400 null application/json; charset=utf-8 4.665ms
[05:45:11 INF] Request starting HTTP/1.1 POST http://localhost/auth/register - application/json; charset=utf-8 92
[05:45:11 INF] Executing endpoint 'SeeSight.Identity.Api.Controllers.AuthController.Register (SeeSight.Identity.Api)'
[05:45:11 INF] Route matched with {action = "Register", controller = "Auth"}. Executing controller action with signature System.Threading.Tasks.Task`1[Microsoft.AspNetCore.Mvc.ActionResult`1[SeeSight.Identity.Api.Contracts.LoginResponse]] Register(SeeSight.Identity.Api.Contracts.RegisterRequest, System.Threading.CancellationToken) on controller SeeSight.Identity.Api.Controllers.AuthController (SeeSight.Identity.Api).
[05:45:11 INF] Executing action method SeeSight.Identity.Api.Controllers.AuthController.Register (SeeSight.Identity.Api) - Validation state: Valid
[05:45:11 INF] Executed DbCommand (1ms) [Parameters=[@__normalizedEmail_0='?'], CommandType='Text', CommandTimeout='30']
SELECT EXISTS (
    SELECT 1
    FROM users AS u
    WHERE u."Email" = @__normalizedEmail_0)
[05:45:12 INF] Executed DbCommand (2ms) [Parameters=[@p0='?' (DbType = Guid), @p1='?' (DbType = Guid), @p2='?' (DbType = DateTime), @p3='?', @p4='?', @p5='?', @p6='?' (DbType = Boolean), @p7='?', @p8='?', @p9='?', @p10='?' (DbType = DateTime)], CommandType='Text', CommandTimeout='30']
INSERT INTO users ("Id", "CompanyId", "CreatedAt", "Email", "FirstName", "LastName", "MustChangePassword", "PasswordHash", "Role", "Status", "UpdatedAt")
VALUES (@p0, @p1, @p2, @p3, @p4, @p5, @p6, @p7, @p8, @p9, @p10);
[05:45:12 INF] Executed action method SeeSight.Identity.Api.Controllers.AuthController.Register (SeeSight.Identity.Api), returned result Microsoft.AspNetCore.Mvc.CreatedAtActionResult in 216.4405ms.
[05:45:12 INF] Executing CreatedAtActionResult, writing value of type 'SeeSight.Identity.Api.Contracts.LoginResponse'.
[05:45:12 INF] Executed action SeeSight.Identity.Api.Controllers.AuthController.Register (SeeSight.Identity.Api) in 216.9918ms
[05:45:12 INF] Executed endpoint 'SeeSight.Identity.Api.Controllers.AuthController.Register (SeeSight.Identity.Api)'
[05:45:12 INF] Request finished HTTP/1.1 POST http://localhost/auth/register - 201 null application/json; charset=utf-8 217.4206ms
[05:45:12 INF] Request starting HTTP/1.1 POST http://localhost/auth/register - application/json; charset=utf-8 92
[05:45:12 INF] Executing endpoint 'SeeSight.Identity.Api.Controllers.AuthController.Register (SeeSight.Identity.Api)'
[05:45:12 INF] Route matched with {action = "Register", controller = "Auth"}. Executing controller action with signature System.Threading.Tasks.Task`1[Microsoft.AspNetCore.Mvc.ActionResult`1[SeeSight.Identity.Api.Contracts.LoginResponse]] Register(SeeSight.Identity.Api.Contracts.RegisterRequest, System.Threading.CancellationToken) on controller SeeSight.Identity.Api.Controllers.AuthController (SeeSight.Identity.Api).
[05:45:12 INF] Executing action method SeeSight.Identity.Api.Controllers.AuthController.Register (SeeSight.Identity.Api) - Validation state: Valid
[05:45:12 INF] Executed DbCommand (1ms) [Parameters=[@__normalizedEmail_0='?'], CommandType='Text', CommandTimeout='30']
SELECT EXISTS (
    SELECT 1
    FROM users AS u
    WHERE u."Email" = @__normalizedEmail_0)
[05:45:12 INF] Executed action SeeSight.Identity.Api.Controllers.AuthController.Register (SeeSight.Identity.Api) in 1.8545ms
[05:45:12 INF] Executed endpoint 'SeeSight.Identity.Api.Controllers.AuthController.Register (SeeSight.Identity.Api)'
[05:45:12 INF] Request finished HTTP/1.1 POST http://localhost/auth/register - 409 null application/json; charset=utf-8 2.1442ms
[testcontainers.org 00:00:05.09] Delete Docker container c92ba736c3ef
[xUnit.net 00:00:05.44]   Finished:    SeeSight.Identity.IntegrationTests
</StdOut>
    </Output>
    <CollectorDataEntries>
      <Collector agentName="Gigis-MacBook-Air" uri="datacollector://microsoft/CoverletCodeCoverage/1.0" collectorDisplayName="XPlat code coverage">
        <UriAttachments>
          <UriAttachment>
            <A href="Gigis-MacBook-Air/coverage.cobertura.xml"></A>
          </UriAttachment>
        </UriAttachments>
      </Collector>
    </CollectorDataEntries>
  </ResultSummary>
</TestRun>